False,True,True,True,True,10,9,3,2,0,12,0,0,12,10,0,Stop
False,True,True,True,True,11,8,4,1,-1,12,0,0,12,10,0,Stop
False,True,True,True,True,15,8,3,4,-2,12,0,0,12,10,0,Stop
False,True,True,True,True,14,12,2,1,-3,13,0,0,13,10,0,East
False,True,True,True,True,14,12,8,8,-4,14,0,0,14,10,0,East
False,True,True,True,True,8,11,4,6,-5,14,0,0,14,9,0,South
False,True,True,True,True,10,12,3,8,-6,14,0,0,14,8,0,South
False,True,True,True,True,14,11,2,10,-7,14,0,0,14,7,0,South
False,True,True,True,True,13,15,6,13,-8,14,0,0,14,6,0,South
False,True,True,False,True,12,11,None,12,191,13,0,0,13,6,0,West
False,True,True,False,True,11,9,None,9,190,13,0,0,13,5,0,South
False,True,True,False,True,11,12,None,11,189,12,0,0,12,5,0,West
False,True,True,False,True,9,13,None,13,188,12,0,0,12,4,0,South
False,True,True,False,True,10,12,None,11,187,12,0,0,12,3,0,South
False,True,True,False,True,10,10,None,12,186,11,0,0,11,3,0,West
False,True,True,False,True,11,9,None,11,185,10,0,0,10,3,0,West
False,True,True,False,True,9,10,None,9,184,9,0,0,9,3,0,West
False,True,True,False,True,9,10,None,11,183,8,0,0,8,3,0,West
False,True,True,False,True,7,12,None,14,182,7,0,0,7,3,0,West
False,True,True,False,True,5,11,None,13,181,6,0,0,6,3,0,West
False,True,True,False,True,7,13,None,12,180,5,0,0,5,3,0,West
False,True,True,False,True,4,11,None,15,179,4,0,0,4,3,0,West
False,True,True,False,True,2,11,None,14,178,3,0,0,3,3,0,West
False,True,True,False,True,3,11,None,12,177,3,0,0,3,4,0,North
False,True,True,False,True,0,12,None,11,176,3,0,0,3,5,0,North
False,True,True,False,True,2,9,None,16,175,2,0,0,2,5,0,West
False,False,True,False,True,None,10,None,13,374,2,0,0,2,6,0,North
False,False,True,False,True,None,9,None,10,373,2,0,0,2,7,0,North
False,False,True,False,True,None,9,None,7,372,2,0,0,2,8,0,North
False,False,True,False,True,None,7,None,6,371,2,0,0,2,9,0,North
False,False,True,False,True,None,11,None,7,370,2,0,0,2,10,0,North
False,False,True,False,True,None,4,None,6,369,2,0,0,2,11,0,North
False,False,True,False,True,None,3,None,4,368,2,0,0,2,12,0,North
False,False,True,False,True,None,5,None,7,367,2,0,0,2,13,0,North
False,False,True,False,True,None,7,None,9,366,2,0,0,2,14,0,North
False,False,True,False,True,None,8,None,0,365,3,0,0,3,14,0,East
False,False,True,False,True,None,6,None,4,364,4,0,0,4,14,0,East
False,False,True,False,True,None,4,None,4,363,5,0,0,5,14,0,East
False,False,True,False,True,None,3,None,5,362,6,0,0,6,14,0,East
False,False,True,False,True,None,3,None,4,361,7,0,0,7,14,0,East
False,False,True,False,True,None,3,None,0,360,8,0,0,8,14,0,East
False,False,True,False,True,None,5,None,1,359,8,0,0,8,13,0,South
False,False,True,False,True,None,1,None,1,358,8,0,0,8,12,0,South
False,False,False,False,True,None,None,None,2,557,7,0,0,7,12,0,West
False,False,False,False,True,None,None,None,0,556,8,0,0,8,12,0,East
False,True,True,True,True,10,7,7,1,0,12,0,0,12,10,0,Stop
False,True,True,True,True,11,11,7,3,0,12,0,0,12,10,0,Stop
False,True,True,True,True,13,9,5,0,-1,13,0,0,13,10,0,East
False,True,True,True,True,14,9,6,3,-2,14,0,0,14,10,0,East
False,True,True,True,True,16,13,7,6,-3,15,0,0,15,10,0,East
False,True,True,True,True,16,14,14,7,-4,16,0,0,16,10,0,East
False,True,True,True,True,16,17,6,6,-5,16,0,0,16,9,0,South
False,True,True,True,True,14,20,6,9,-6,16,0,0,16,8,0,South
False,True,True,True,True,13,13,9,12,-7,16,0,0,16,7,0,South
False,True,True,True,True,12,14,5,9,-8,15,0,0,15,7,0,West
False,True,True,True,True,12,12,6,6,-9,14,0,0,14,7,0,West
False,True,True,True,True,8,10,7,6,-10,13,0,0,13,7,0,West
False,True,True,True,True,9,7,4,9,-11,12,0,0,12,7,0,West
False,True,True,True,True,2,6,2,9,-12,11,0,0,11,7,0,West
False,True,True,True,True,7,6,3,7,-13,10,0,0,10,7,0,West
False,True,True,True,True,6,3,3,10,-14,9,0,0,9,7,0,West
False,True,True,True,True,3,2,3,11,-15,8,0,0,8,7,0,West
False,True,True,True,True,1,4,2,14,-16,7,0,0,7,7,0,West
False,True,True,True,True,1,7,0,13,-17,7,0,0,7,6,0,South
False,True,True,True,True,0,4,1,13,-18,7,0,0,7,5,0,South
False,True,True,True,True,3,7,6,14,-19,7,0,0,7,4,0,South
False,True,True,True,True,2,8,13,10,-20,7,0,0,7,3,0,South
False,True,True,True,True,3,11,11,14,-21,6,0,0,6,3,0,West
False,True,True,True,True,2,13,15,14,-22,7,0,0,7,3,0,East
False,True,True,True,True,2,11,13,16,-23,6,0,0,6,3,0,West
False,True,True,True,True,0,12,10,9,-24,7,0,0,7,3,0,East
False,True,True,True,True,11,11,5,4,0,12,0,0,12,10,0,Stop
False,True,True,True,True,8,7,4,5,-1,12,0,0,12,10,0,Stop
False,True,True,True,True,13,9,7,4,-2,12,0,0,12,10,0,Stop
False,True,True,True,True,11,8,8,1,-3,12,0,0,12,10,0,Stop
False,True,True,True,True,11,9,8,0,-4,12,0,0,12,10,0,Stop
False,True,True,True,False,10,9,6,None,195,12,0,0,12,10,0,Stop
False,True,True,True,False,9,12,5,None,194,12,0,0,12,10,0,Stop
False,True,True,True,False,10,10,2,None,193,12,0,0,12,10,0,Stop
False,True,True,True,False,11,12,3,None,192,12,0,0,12,10,0,Stop
False,True,True,True,False,9,12,2,None,191,12,0,0,12,10,0,Stop
False,True,True,True,False,8,16,3,None,190,12,0,0,12,10,0,Stop
False,True,True,True,False,10,8,5,None,189,12,0,0,12,10,0,Stop
False,True,True,True,False,14,13,4,None,188,12,0,0,12,10,0,Stop
False,True,True,True,False,13,12,5,None,187,12,0,0,12,10,0,Stop
False,True,True,True,False,9,10,7,None,186,12,0,0,12,10,0,Stop
False,True,True,True,False,7,13,5,None,185,12,0,0,12,10,0,Stop
False,True,True,True,False,8,12,9,None,184,12,0,0,12,10,0,Stop
False,True,True,True,False,7,11,8,None,183,12,0,0,12,10,0,Stop
False,True,True,True,False,7,14,11,None,182,12,0,0,12,10,0,Stop
False,True,True,True,False,4,13,11,None,181,12,0,0,12,10,0,Stop
False,True,True,True,False,7,13,7,None,180,12,0,0,12,10,0,Stop
False,True,True,True,False,7,11,7,None,179,12,0,0,12,10,0,Stop
False,True,True,True,False,5,10,0,None,178,12,0,0,12,10,0,Stop
False,True,True,True,False,9,13,3,None,177,12,0,0,12,10,0,Stop
False,True,True,True,False,6,12,9,None,176,12,0,0,12,10,0,Stop
False,True,True,True,False,9,10,5,None,175,12,0,0,12,10,0,Stop
False,True,True,True,False,9,7,7,None,174,12,0,0,12,10,0,Stop
False,True,True,True,False,9,8,1,None,173,12,0,0,12,10,0,Stop
False,True,True,True,False,8,7,8,None,172,12,0,0,12,10,0,Stop
False,True,True,True,False,13,8,6,None,171,12,0,0,12,10,0,Stop
False,True,True,True,False,11,7,10,None,170,12,0,0,12,10,0,Stop
False,True,True,True,False,8,8,9,None,169,12,0,0,12,10,0,Stop
False,True,True,True,False,8,5,7,None,168,12,0,0,12,10,0,Stop
False,True,True,True,False,9,6,7,None,167,12,0,0,12,10,0,Stop
False,True,True,True,False,11,7,7,None,166,12,0,0,12,10,0,Stop
False,True,True,True,False,10,3,7,None,165,12,0,0,12,10,0,Stop
False,True,True,True,False,3,10,10,None,164,12,0,0,12,10,0,Stop
False,True,True,True,False,10,4,8,None,163,12,0,0,12,10,0,Stop
False,True,True,True,False,9,11,4,None,162,12,0,0,12,10,0,Stop
False,True,True,True,False,9,10,9,None,161,12,0,0,12,10,0,Stop
False,True,True,True,False,10,10,6,None,160,12,0,0,12,10,0,Stop
False,True,True,True,False,7,10,8,None,159,12,0,0,12,10,0,Stop
False,True,True,True,True,16,7,4,0,0,12,0,0,12,10,0,Stop
False,True,True,True,True,13,8,2,2,-1,13,0,0,13,10,0,East
False,True,True,True,True,13,10,2,0,-2,12,0,0,12,10,0,West
False,True,True,True,True,12,7,5,5,-3,12,0,0,12,9,0,South
False,True,True,True,True,11,8,4,3,-4,13,0,0,13,9,0,East
False,True,True,True,True,10,7,2,4,-5,12,0,0,12,9,0,West
False,True,True,True,True,10,9,5,8,-6,11,0,0,11,9,0,West
False,True,True,True,True,13,6,6,4,-7,11,0,0,11,10,0,North
False,True,True,True,True,10,9,4,2,-8,11,0,0,11,11,0,North
False,True,True,True,True,14,9,10,5,-9,11,0,0,11,12,0,North
False,True,True,True,True,13,8,7,3,-10,10,0,0,10,12,0,West
False,True,True,True,True,10,6,10,6,-11,10,0,0,10,11,0,South
False,True,True,True,True,11,6,9,4,-12,11,0,0,11,11,0,East
False,True,True,True,True,10,8,2,4,-13,11,0,0,11,10,0,South
False,True,True,True,True,13,11,5,4,-14,12,0,0,12,10,0,East
False,True,True,True,True,17,14,10,0,-15,13,0,0,13,10,0,East
False,True,True,True,True,14,12,5,2,0,12,0,0,12,10,0,Stop
False,True,True,True,True,11,9,7,6,0,12,0,0,12,10,0,Stop
False,True,True,True,True,11,14,3,5,0,12,0,0,12,10,0,Stop
False,True,True,True,True,10,10,6,3,0,12,0,0,12,10,0,Stop
False,True,True,True,True,10,10,9,3,0,12,0,0,12,10,0,Stop
False,True,True,True,True,11,9,1,2,0,12,0,0,12,10,0,Stop
False,True,True,True,True,14,4,6,0,0,12,0,0,12,10,0,Stop
False,True,True,True,True,8,10,3,5,-1,12,0,0,12,9,0,South
False,True,True,True,True,9,10,2,6,-2,12,0,0,12,8,0,South
False,True,True,True,True,11,11,3,4,-3,13,0,0,13,8,0,East
False,True,True,True,True,11,13,3,3,-4,14,0,0,14,8,0,East
False,True,True,True,True,14,15,4,6,-5,15,0,0,15,8,0,East
False,True,True,True,True,12,15,8,7,-6,16,0,0,16,8,0,East
False,True,True,True,True,11,13,9,7,-7,17,0,0,17,8,0,East
False,True,True,True,True,11,20,8,10,-8,18,0,0,18,8,0,East
False,True,True,True,True,12,8,5,5,0,12,0,0,12,10,0,Stop
False,True,True,True,True,12,9,5,5,-1,12,0,0,12,9,0,South
False,True,True,True,True,11,11,0,7,-2,12,0,0,12,8,0,South
False,True,True,True,True,16,12,2,4,-3,12,0,0,12,9,0,North
False,True,True,True,True,13,5,5,3,-4,12,0,0,12,10,0,North
False,True,True,True,True,13,10,5,1,-5,12,0,0,12,11,0,North
False,True,True,True,True,9,12,5,1,-6,12,0,0,12,11,0,North
False,True,True,True,True,8,9,6,4,-7,12,0,0,12,11,0,North
False,True,True,True,True,5,10,7,0,-8,12,0,0,12,11,0,North
False,True,True,True,True,9,4,8,3,-9,11,0,0,11,11,0,West
False,True,True,True,True,11,8,7,3,-10,10,0,0,10,11,0,West
False,True,True,True,True,7,8,6,5,-11,9,0,0,9,11,0,West
False,True,True,True,True,6,8,11,3,-12,8,0,0,8,11,0,West
False,True,True,True,True,6,6,11,8,-13,8,0,0,8,10,0,South
False,True,True,True,True,6,7,10,4,-14,8,0,0,8,9,0,South
False,True,True,True,True,4,3,9,5,-15,7,0,0,7,9,0,West
False,True,True,True,True,4,4,15,2,-16,7,0,0,7,9,0,West
False,True,True,True,True,5,2,14,6,-17,6,0,0,6,9,0,West
False,True,True,True,True,5,6,14,1,-18,5,0,0,5,9,0,West
False,True,True,True,True,6,4,15,3,-19,5,0,0,5,9,0,West
False,True,True,True,True,10,4,15,6,-20,5,0,0,5,9,0,West
False,True,True,True,True,7,2,15,7,-21,5,0,0,5,9,0,West
False,True,True,True,True,5,3,11,3,-22,5,0,0,5,8,0,South
False,True,True,True,True,2,3,16,3,-23,5,0,0,5,7,0,South
False,True,True,True,True,4,2,12,5,-24,5,0,0,5,8,0,North
False,True,True,True,True,7,2,10,4,-25,5,0,0,5,9,0,North
False,True,True,True,True,11,2,16,7,-26,5,0,0,5,10,0,North
False,True,True,True,True,6,2,14,6,-27,5,0,0,5,11,0,North
False,True,True,True,True,7,4,13,5,-28,5,0,0,5,12,0,North
False,True,True,True,True,9,7,13,8,-29,5,0,0,5,13,0,North
False,True,True,True,True,7,8,17,9,-30,5,0,0,5,14,0,North
False,True,True,True,True,13,14,2,6,0,12,0,0,12,10,0,Stop
False,True,True,True,True,11,11,6,3,0,12,0,0,12,10,0,Stop
False,True,True,True,True,12,9,5,1,-1,13,0,0,13,10,0,East
False,True,True,True,True,12,11,4,0,-2,13,0,0,13,9,0,South
False,True,True,True,False,11,7,0,None,197,13,0,0,13,10,0,North
False,True,True,True,False,13,6,5,None,196,12,0,0,12,10,0,West
False,True,True,True,False,8,5,8,None,195,11,0,0,11,10,0,West
False,True,True,True,False,9,2,13,None,194,10,0,0,10,10,0,West
False,True,True,True,False,7,6,10,None,193,9,0,0,9,10,0,West
False,True,True,True,False,4,6,13,None,192,8,0,0,8,10,0,West
False,True,True,True,False,5,6,13,None,191,7,0,0,7,10,0,West
False,True,True,True,False,5,9,15,None,190,6,0,0,6,10,0,West
False,True,True,True,False,8,6,16,None,189,5,0,0,5,10,0,West
False,True,True,True,False,6,9,14,None,188,4,0,0,4,10,0,West
False,True,True,True,False,8,9,16,None,187,3,0,0,3,10,0,West
False,True,True,True,False,6,13,17,None,186,2,0,0,2,10,0,West
False,True,True,True,False,7,11,23,None,185,1,0,0,1,10,0,West
False,True,True,True,True,13,10,5,3,0,12,0,0,12,10,0,Stop
False,True,True,True,True,9,9,0,5,-1,12,0,0,12,9,0,South
False,True,True,True,True,8,7,5,2,-2,11,0,0,11,9,0,West
False,True,True,True,True,8,8,6,5,-3,10,0,0,10,9,0,West
False,True,True,True,True,5,5,7,7,-4,9,0,0,9,9,0,West
False,True,True,True,True,6,4,8,7,-5,8,0,0,8,9,0,West
False,True,True,True,True,7,2,10,5,-6,8,0,0,8,10,0,North
False,True,True,True,True,12,4,9,7,-7,8,0,0,8,9,0,South
False,True,True,True,True,5,1,11,9,-8,8,0,0,8,8,0,South
False,True,True,True,True,5,4,9,11,-9,7,0,0,7,8,0,West
False,True,True,True,True,4,0,11,13,-10,6,0,0,6,8,0,West
False,True,True,True,True,6,3,7,10,-11,7,0,0,7,8,0,East
False,True,True,True,True,5,5,7,11,-12,8,0,0,8,8,0,East
False,True,True,True,True,5,4,9,10,-13,9,0,0,9,8,0,East
False,True,True,True,True,6,7,6,11,-14,9,0,0,9,7,0,South
False,True,True,True,True,5,6,8,9,-15,9,0,0,9,6,0,South
False,True,True,True,True,2,2,9,9,-16,9,0,0,9,7,0,North
False,True,True,True,True,4,3,4,12,-17,9,0,0,9,6,0,South
False,True,True,True,True,1,4,3,12,-18,9,0,0,9,5,0,South
False,True,True,True,True,0,2,5,11,-19,9,0,0,9,6,0,North
False,True,True,True,True,0,1,6,14,-20,8,0,0,8,6,0,West
False,False,True,True,True,None,0,6,15,179,7,0,0,7,6,0,West
False,False,True,True,True,None,3,9,12,178,8,0,0,8,6,0,East
False,False,True,True,True,None,1,3,12,177,9,0,0,9,6,0,East
False,False,True,True,True,None,4,5,14,176,10,0,0,10,6,0,East
False,False,True,True,True,None,6,3,17,175,11,0,0,11,6,0,East
False,False,True,True,True,None,6,3,11,174,12,0,0,12,6,0,East
False,False,True,True,True,None,7,2,10,173,13,0,0,13,6,0,East
False,False,True,True,True,None,10,6,8,172,14,0,0,14,6,0,East
False,False,True,True,True,None,12,6,6,171,15,0,0,15,6,0,East
False,False,True,True,True,None,12,8,8,170,16,0,0,16,6,0,East
False,False,True,True,True,None,16,9,10,169,17,0,0,17,6,0,East
False,False,True,True,True,None,16,10,8,168,18,0,0,18,6,0,East
False,True,True,True,True,12,8,5,1,0,12,0,0,12,10,0,Stop
False,True,True,True,True,11,10,5,5,-1,11,0,0,11,10,0,West
False,True,True,True,True,15,14,10,7,-2,10,0,0,10,10,0,West
False,True,True,True,True,10,8,10,0,-3,9,0,0,9,10,0,West
False,True,True,True,True,10,9,8,0,-4,10,0,0,10,10,0,East
False,True,True,True,True,14,8,5,5,-5,11,0,0,11,10,0,East
False,True,True,True,True,16,5,6,4,-6,12,0,0,12,10,0,East
False,True,True,True,True,14,9,6,3,-7,11,0,0,11,10,0,West
False,True,True,True,True,13,9,7,7,-8,11,0,0,11,9,0,South
False,True,True,True,True,12,10,5,7,-9,11,0,0,11,8,0,South
False,True,True,True,True,12,11,9,4,-10,11,0,0,11,9,0,North
False,True,True,True,True,14,7,9,7,-11,10,0,0,10,9,0,West
False,True,True,True,True,12,7,12,11,-12,9,0,0,9,9,0,West
False,True,True,True,True,10,5,14,6,-13,8,0,0,8,9,0,West
False,True,True,True,True,9,10,15,7,-14,9,0,0,9,9,0,East
False,True,True,True,True,9,12,11,5,-15,10,0,0,10,9,0,East
False,True,True,True,True,11,6,12,12,-16,9,0,0,9,9,0,West
False,True,True,True,True,9,10,11,13,-17,8,0,0,8,9,0,West
False,True,True,True,True,8,8,10,9,-18,7,0,0,7,9,0,West
False,True,True,True,True,12,8,9,11,-19,7,0,0,7,8,0,South
False,True,True,True,True,3,5,11,13,-20,7,0,0,7,7,0,South
False,True,True,True,True,7,6,11,9,-21,8,0,0,8,7,0,East
False,True,True,True,True,6,6,11,5,-22,9,0,0,9,7,0,East
False,True,True,True,True,4,6,11,9,-23,8,0,0,8,7,0,West
False,True,True,True,True,2,10,8,11,-24,8,0,0,8,6,0,South
False,True,True,True,True,3,7,8,7,-25,9,0,0,9,6,0,East
False,True,True,True,True,5,9,7,11,-26,10,0,0,10,6,0,East
False,True,True,True,True,6,10,5,7,-27,11,0,0,11,6,0,East
False,True,True,True,True,8,8,4,8,-28,12,0,0,12,6,0,East
False,True,True,True,True,7,8,5,6,-29,12,0,0,12,7,0,North
False,True,True,True,True,6,8,6,4,-30,12,0,0,12,8,0,North
False,True,True,True,True,5,9,6,4,-31,11,0,0,11,8,0,West
False,True,True,True,True,4,9,5,0,-32,10,0,0,10,8,0,West
False,True,True,True,True,4,9,5,5,-33,10,0,0,10,7,0,South
False,True,True,True,True,3,15,5,7,-34,10,0,0,10,6,0,South
False,True,True,True,True,5,13,5,6,-35,11,0,0,11,6,0,East
False,True,True,True,True,5,13,4,6,-36,12,0,0,12,6,0,East
False,True,True,True,True,10,15,0,2,-37,12,0,0,12,7,0,North
False,True,True,True,True,6,7,2,5,-38,11,0,0,11,7,0,West
False,True,True,True,True,4,9,6,5,-39,10,0,0,10,7,0,West
False,True,True,True,True,2,5,6,9,-40,9,0,0,9,7,0,West
False,True,True,True,True,1,13,3,6,-41,9,0,0,9,8,0,North
False,True,True,True,True,0,8,11,11,-42,9,0,0,9,7,0,South
False,True,True,True,True,4,8,4,7,-43,10,0,0,10,7,0,East
False,True,True,True,True,4,5,4,5,-44,11,0,0,11,7,0,East
False,True,True,True,True,5,9,2,6,-45,12,0,0,12,7,0,East
False,True,True,True,True,7,9,3,3,-46,12,0,0,12,8,0,North
False,True,True,True,True,9,7,1,0,-47,12,0,0,12,9,0,North
False,True,True,True,True,8,8,0,1,-48,12,0,0,12,8,0,South
False,True,True,True,True,11,9,4,5,-49,12,0,0,12,7,0,South
False,True,True,True,True,7,8,6,2,-50,12,0,0,12,6,0,South
False,True,True,True,True,9,11,3,4,-51,13,0,0,13,6,0,East
False,True,True,True,True,6,10,2,0,-52,14,0,0,14,6,0,East
False,True,True,True,True,7,8,4,5,-53,13,0,0,13,6,0,West
False,True,True,True,True,8,6,0,4,-54,12,0,0,12,6,0,West
False,True,True,True,True,13,9,5,2,0,12,0,0,12,10,0,Stop
False,True,True,True,True,11,6,5,3,-1,11,0,0,11,10,0,West
False,True,True,True,True,9,8,6,1,-2,10,0,0,10,10,0,West
False,True,True,True,True,9,8,2,4,-3,11,0,0,11,10,0,East
False,True,True,True,True,12,9,2,5,-4,12,0,0,12,10,0,East
False,True,True,True,True,15,12,3,0,-5,13,0,0,13,10,0,East
False,True,True,True,True,15,12,3,10,-6,12,0,0,12,10,0,West
False,True,True,True,True,12,9,5,5,-7,11,0,0,11,10,0,West
False,True,True,True,True,13,13,4,8,-8,10,0,0,10,10,0,West
False,True,True,True,True,13,9,7,5,-9,10,0,0,10,11,0,North
False,True,True,True,True,13,7,7,9,-10,10,0,0,10,12,0,North
False,True,True,True,True,14,9,8,9,-11,10,0,0,10,13,0,North
False,True,True,True,True,13,8,12,9,-12,10,0,0,10,14,0,North
False,True,True,True,True,10,9,6,3,0,12,0,0,12,10,0,Stop
False,True,True,True,True,7,9,3,3,-1,12,0,0,12,9,0,South
False,True,True,True,True,11,12,2,4,-2,12,0,0,12,8,0,South
False,True,True,True,True,10,8,4,5,-3,12,0,0,12,9,0,North
False,True,True,True,True,12,11,3,5,-4,12,0,0,12,10,0,North
False,True,True,True,True,9,13,3,5,-5,13,0,0,13,10,0,East
False,True,True,True,True,13,11,5,0,-6,14,0,0,14,10,0,East
False,True,True,True,True,9,10,3,7,-7,13,0,0,13,10,0,West
False,True,True,True,True,12,11,2,7,-8,12,0,0,12,10,0,West
False,True,True,True,True,10,12,3,12,-9,12,0,0,12,9,0,South
False,True,True,False,True,11,16,None,10,190,12,0,0,12,8,0,South
False,True,True,False,True,8,12,None,9,189,12,0,0,12,7,0,South
False,True,True,False,True,10,12,None,8,188,12,0,0,12,8,0,North
False,True,True,False,True,12,10,None,10,187,12,0,0,12,9,0,North
False,True,True,False,True,13,16,None,4,186,12,0,0,12,10,0,North
False,True,True,False,True,15,9,None,5,185,13,0,0,13,10,0,East
False,True,True,False,True,19,14,None,7,184,14,0,0,14,10,0,East
False,True,True,False,True,17,14,None,4,183,15,0,0,15,10,0,East
False,True,True,False,True,15,14,None,3,182,15,0,0,15,11,0,North
False,True,True,False,True,15,13,None,6,181,15,0,0,15,10,0,South
False,True,True,False,True,13,16,None,8,180,15,0,0,15,9,0,South
False,True,True,False,True,18,17,None,8,179,15,0,0,15,8,0,South
False,True,True,False,True,14,19,None,10,178,15,0,0,15,7,0,South
False,True,True,False,True,12,18,None,9,177,15,0,0,15,6,0,South
False,True,True,False,True,14,18,None,9,176,16,0,0,16,6,0,East
False,True,True,False,True,17,20,None,7,175,17,0,0,17,6,0,East
False,True,True,False,True,14,16,None,12,174,16,0,0,16,6,0,West
False,True,True,False,True,15,16,None,12,173,15,0,0,15,6,0,West
False,True,True,False,True,11,12,None,13,172,14,0,0,14,6,0,West
False,True,True,False,True,13,12,None,10,171,15,0,0,15,6,0,East
False,True,True,False,True,14,13,None,7,170,14,0,0,14,6,0,West
False,True,True,False,True,10,11,None,1,169,15,0,0,15,6,0,East
False,True,True,False,True,12,11,None,0,168,15,0,0,15,7,0,North
False,True,True,False,True,9,12,None,4,167,15,0,0,15,6,0,South
False,True,True,False,True,11,13,None,4,166,15,0,0,15,5,0,South
False,True,True,False,True,13,11,None,6,165,15,0,0,15,4,0,South
False,True,True,False,True,13,13,None,7,164,15,0,0,15,3,0,South
False,True,True,False,True,11,13,None,8,163,15,0,0,15,4,0,North
False,True,True,False,True,13,9,None,4,162,15,0,0,15,5,0,North
False,True,True,False,True,15,9,None,5,161,14,0,0,14,5,0,West
False,True,True,False,True,13,4,None,5,160,13,0,0,13,5,0,West
False,True,True,False,True,13,13,None,4,159,14,0,0,14,5,0,East
False,True,True,False,True,7,11,None,1,158,15,0,0,15,5,0,East
False,True,True,False,True,12,11,None,2,157,15,0,0,15,6,0,North
False,True,True,False,True,14,11,None,1,156,15,0,0,15,7,0,North
False,True,True,False,True,14,9,None,0,155,14,0,0,14,7,0,West
False,True,True,False,True,14,9,None,0,154,14,0,0,14,8,0,North
False,True,True,False,True,13,5,None,3,153,14,0,0,14,9,0,North
False,True,True,False,True,18,7,None,3,152,14,0,0,14,10,0,North
False,True,True,False,True,20,11,None,7,151,14,0,0,14,11,0,North
False,True,True,False,True,13,5,None,7,150,14,0,0,14,12,0,North
False,True,True,False,True,18,13,None,9,149,13,0,0,13,12,0,West
False,True,True,True,True,15,6,5,0,0,12,0,0,12,10,0,Stop
False,True,True,True,True,12,8,7,1,-1,11,0,0,11,10,0,West
False,True,True,True,True,8,5,8,0,-2,10,0,0,10,10,0,West
False,True,True,True,True,6,8,4,5,-3,10,0,0,10,9,0,South
False,True,True,True,True,7,6,2,5,-4,10,0,0,10,8,0,South
False,True,True,True,True,8,6,8,7,-5,10,0,0,10,9,0,North
False,True,True,True,True,9,2,8,5,-6,10,0,0,10,10,0,North
False,True,True,True,True,9,5,8,5,-7,10,0,0,10,9,0,South
False,True,True,True,True,6,7,5,6,-8,10,0,0,10,8,0,South
False,True,True,True,True,7,11,3,3,-9,10,0,0,10,7,0,South
False,True,True,True,True,4,13,7,6,-10,11,0,0,11,7,0,East
False,True,True,True,True,13,10,5,4,-11,12,0,0,12,7,0,East
False,True,True,True,True,6,8,3,1,-12,13,0,0,13,7,0,East
False,True,True,True,True,10,8,4,4,-13,13,0,0,13,8,0,North
False,True,True,True,True,9,9,5,2,-14,13,0,0,13,9,0,North
False,True,True,True,True,9,12,4,4,-15,13,0,0,13,8,0,South
False,True,True,True,True,8,14,6,4,-16,13,0,0,13,7,0,South
False,True,True,False,True,12,17,None,3,183,13,0,0,13,6,0,South
False,True,True,False,True,13,17,None,0,182,14,0,0,14,6,0,East
False,True,True,False,True,4,13,None,2,181,13,0,0,13,6,0,West
False,True,True,False,True,12,13,None,3,180,12,0,0,12,6,0,West
False,True,True,False,True,11,12,None,4,179,11,0,0,11,6,0,West
False,True,True,False,True,7,12,None,6,178,10,0,0,10,6,0,West
False,True,True,False,True,11,12,None,11,177,9,0,0,9,6,0,West
False,True,True,False,True,7,12,None,9,176,8,0,0,8,6,0,West
False,True,True,False,True,7,11,None,8,175,8,0,0,8,7,0,North
False,True,True,False,True,9,12,None,5,174,8,0,0,8,8,0,North
False,True,True,False,True,16,15,None,1,173,9,0,0,9,8,0,East
False,True,True,False,True,9,13,None,5,172,9,0,0,9,7,0,South
False,True,True,False,True,10,16,None,4,171,9,0,0,9,6,0,South
False,True,True,False,True,9,11,None,4,170,10,0,0,10,6,0,East
False,True,True,False,True,11,17,None,1,169,11,0,0,11,6,0,East
False,True,True,False,True,5,19,None,4,168,11,0,0,11,5,0,South
False,True,True,False,True,9,21,None,5,167,11,0,0,11,4,0,South
False,True,True,False,True,9,22,None,6,166,11,0,0,11,3,0,South
False,True,True,False,True,6,19,None,7,165,10,0,0,10,3,0,West
False,True,True,False,True,8,19,None,5,164,9,0,0,9,3,0,West
False,True,True,False,True,8,18,None,3,163,9,0,0,9,4,0,North
False,True,True,False,True,5,15,None,5,162,10,0,0,10,4,0,East
False,True,True,False,True,5,11,None,3,161,11,0,0,11,4,0,East
False,True,True,False,True,6,11,None,2,160,10,0,0,10,4,0,West
False,True,True,False,True,6,11,None,3,159,11,0,0,11,4,0,East
False,True,True,False,True,8,20,None,6,158,12,0,0,12,4,0,East
False,True,True,False,True,12,20,None,3,157,13,0,0,13,4,0,East
False,True,True,False,True,10,14,None,5,156,13,0,0,13,3,0,South
False,True,True,True,True,13,9,9,4,0,12,0,0,12,10,0,Stop
False,True,True,True,True,12,8,1,5,-1,13,0,0,13,10,0,East
False,True,True,True,True,11,12,4,2,-2,12,0,0,12,10,0,West
False,True,True,True,True,10,7,6,0,-3,11,0,0,11,10,0,West
False,True,True,True,True,9,7,5,4,-4,11,0,0,11,11,0,North
False,True,True,True,True,9,6,4,2,-5,11,0,0,11,12,0,North
False,True,True,True,True,10,5,3,0,-6,11,0,0,11,11,0,South
False,True,True,True,True,11,8,3,0,-7,12,0,0,12,11,0,East
False,True,True,True,True,10,8,6,3,0,12,0,0,12,10,0,Stop
False,True,True,True,True,11,4,6,5,-1,11,0,0,11,10,0,West
False,True,True,True,True,8,9,2,6,-2,11,0,0,11,9,0,South
False,True,True,True,True,6,9,8,8,-3,11,0,0,11,8,0,South
False,True,True,True,True,10,16,2,5,-4,12,0,0,12,8,0,East
False,True,True,True,True,15,10,3,9,-5,13,0,0,13,8,0,East
False,True,True,True,True,17,9,2,6,-6,13,0,0,13,9,0,North
False,True,True,True,True,14,9,4,3,-7,13,0,0,13,10,0,North
False,True,True,True,True,12,9,5,4,-8,12,0,0,12,10,0,West
False,True,True,True,True,15,4,3,3,-9,12,0,0,12,11,0,North
False,True,True,True,True,18,9,9,1,-10,12,0,0,12,12,0,North
False,True,True,True,True,14,11,3,3,-11,12,0,0,12,13,0,North
False,True,True,True,True,15,12,9,4,-12,13,0,0,13,13,0,East
False,True,True,True,True,17,15,9,4,-13,13,0,0,13,14,0,North
False,True,True,True,True,19,12,10,2,-14,14,0,0,14,14,0,East
False,True,True,True,True,22,13,9,10,-15,15,0,0,15,14,0,East
False,True,True,True,True,22,16,7,7,-16,15,0,0,15,13,0,South
False,True,True,True,True,21,14,11,1,-17,15,0,0,15,12,0,South
False,True,True,True,True,17,13,4,3,-18,15,0,0,15,11,0,South
False,True,True,True,True,17,12,1,2,-19,14,0,0,14,11,0,West
False,True,True,True,True,18,12,7,6,-20,13,0,0,13,11,0,West
False,True,True,True,True,17,11,2,0,-21,14,0,0,14,11,0,East
False,True,True,True,True,19,13,5,2,-22,15,0,0,15,11,0,East
False,True,True,True,True,16,13,9,2,-23,14,0,0,14,11,0,West
False,True,True,True,True,15,12,3,2,-24,13,0,0,13,11,0,West
False,True,True,True,True,14,12,6,1,-25,12,0,0,12,11,0,West
False,True,True,True,True,11,10,5,1,-26,11,0,0,11,11,0,West
False,True,True,True,True,16,11,7,5,-27,10,0,0,10,11,0,West
False,True,True,True,True,9,9,5,3,-28,10,0,0,10,10,0,South
False,True,True,True,True,9,11,4,3,-29,10,0,0,10,9,0,South
False,True,True,True,True,3,5,2,6,-30,10,0,0,10,8,0,South
False,True,True,True,True,5,5,5,4,-31,10,0,0,10,7,0,South
False,True,True,True,True,7,8,4,8,-32,11,0,0,11,7,0,East
False,True,True,True,True,6,10,3,7,-33,12,0,0,12,7,0,East
False,True,True,True,True,7,14,6,0,-34,13,0,0,13,7,0,East
False,True,True,True,True,10,14,3,7,-35,14,0,0,14,7,0,East
False,True,True,True,True,12,15,6,5,-36,14,0,0,14,6,0,South
False,True,True,True,True,13,17,7,3,-37,15,0,0,15,6,0,East
False,True,True,True,True,16,16,6,8,-38,16,0,0,16,6,0,East
False,True,True,True,True,11,14,7,7,-39,15,0,0,15,6,0,West
False,True,True,True,True,9,9,8,4,-40,15,0,0,15,7,0,North
False,True,True,True,True,4,11,2,4,-41,15,0,0,15,8,0,North
False,True,True,True,True,9,13,2,8,-42,15,0,0,15,9,0,North
False,True,True,True,True,10,12,2,0,-43,15,0,0,15,10,0,North
False,True,True,True,True,12,10,6,1,-44,15,0,0,15,11,0,North
False,True,True,True,True,9,12,4,3,-45,15,0,0,15,10,0,South
False,True,True,True,True,12,13,0,6,-46,15,0,0,15,11,0,North
False,True,True,True,True,12,13,3,4,-47,15,0,0,15,12,0,North
False,True,True,True,True,11,10,4,6,-48,14,0,0,14,12,0,West
False,True,True,True,True,12,11,6,3,-49,14,0,0,14,13,0,North
False,True,True,True,True,12,12,7,5,-50,14,0,0,14,14,0,North
False,True,True,True,True,12,11,9,2,-51,13,0,0,13,14,0,West
False,True,True,True,True,13,9,7,3,-52,12,0,0,12,14,0,West
False,True,True,True,True,16,12,7,4,-53,13,0,0,13,14,0,East
False,True,True,True,True,13,9,8,5,-54,12,0,0,12,14,0,West
False,True,True,True,True,12,11,4,6,-55,13,0,0,13,14,0,East
False,True,True,True,True,10,13,6,0,-56,14,0,0,14,14,0,East
False,True,True,True,True,13,11,6,5,-57,15,0,0,15,14,0,East
False,True,True,True,True,12,11,6,4,-58,15,0,0,15,13,0,South
False,True,True,True,True,11,12,3,10,-59,15,0,0,15,12,0,South
False,True,True,True,True,13,15,2,8,-60,15,0,0,15,11,0,South
False,True,True,True,True,10,15,4,9,-61,15,0,0,15,10,0,South
False,True,True,True,True,10,13,0,7,-62,14,0,0,14,10,0,West
False,True,True,True,True,10,16,3,4,-63,13,0,0,13,10,0,West
False,True,True,True,True,13,13,1,6,-64,14,0,0,14,10,0,East
False,True,True,True,True,9,19,3,1,-65,15,0,0,15,10,0,East
False,True,True,True,True,14,19,2,8,-66,16,0,0,16,10,0,East
False,True,True,True,True,8,21,0,9,-67,16,0,0,16,9,0,South
False,True,True,True,True,6,21,7,12,-68,16,0,0,16,8,0,South
False,True,True,True,True,6,22,4,9,-69,15,0,0,15,8,0,West
False,True,True,True,True,4,16,6,8,-70,14,0,0,14,8,0,West
False,True,True,True,True,4,16,6,5,-71,13,0,0,13,8,0,West
False,True,True,True,True,2,16,3,4,-72,12,0,0,12,8,0,West
False,True,True,True,True,3,16,6,10,-73,11,0,0,11,8,0,West
False,True,True,True,True,4,19,6,9,-74,11,0,0,11,7,0,South
False,True,True,True,True,2,17,7,8,-75,12,0,0,12,7,0,East
False,True,True,True,True,0,21,5,9,-76,13,0,0,13,7,0,East
False,True,True,True,True,1,18,4,10,-77,14,0,0,14,7,0,East
False,True,True,True,True,3,22,3,9,-78,14,0,0,14,6,0,South
False,True,True,True,True,0,21,4,9,-79,15,0,0,15,6,0,East
False,True,True,True,True,2,23,3,8,-80,16,0,0,16,6,0,East
False,True,True,False,True,2,22,None,9,119,16,0,0,16,7,0,North
False,True,True,False,True,3,19,None,9,118,16,0,0,16,8,0,North
False,True,True,False,True,3,17,None,6,117,15,0,0,15,8,0,West
False,True,True,False,True,2,15,None,9,116,14,0,0,14,8,0,West
False,True,True,False,True,2,18,None,6,115,13,0,0,13,8,0,West
False,True,True,False,True,2,18,None,7,114,12,0,0,12,8,0,West
False,True,True,False,True,5,16,None,9,113,11,0,0,11,8,0,West
False,False,True,False,True,None,16,None,5,312,11,0,0,11,9,0,North
False,False,True,False,True,None,16,None,3,311,11,0,0,11,10,0,North
False,False,True,False,True,None,9,None,4,310,11,0,0,11,11,0,North
False,False,True,False,True,None,12,None,4,309,11,0,0,11,10,0,South
False,False,True,False,True,None,12,None,4,308,11,0,0,11,9,0,South
False,False,True,False,True,None,13,None,6,307,11,0,0,11,8,0,South
False,False,True,False,True,None,12,None,7,306,12,0,0,12,8,0,East
False,False,True,False,True,None,11,None,9,305,11,0,0,11,8,0,West
False,False,True,False,True,None,11,None,10,304,11,0,0,11,9,0,North
False,False,True,False,True,None,11,None,8,303,12,0,0,12,9,0,East
False,False,True,False,True,None,12,None,8,302,13,0,0,13,9,0,East
False,False,True,False,True,None,13,None,6,301,14,0,0,14,9,0,East
False,False,True,False,True,None,8,None,8,300,15,0,0,15,9,0,East
False,False,True,False,True,None,10,None,9,299,14,0,0,14,9,0,West
False,False,True,False,True,None,11,None,12,298,14,0,0,14,8,0,South
False,False,True,False,True,None,11,None,6,297,13,0,0,13,8,0,West
False,False,True,False,True,None,9,None,7,296,12,0,0,12,8,0,West
False,False,True,False,True,None,15,None,14,295,12,0,0,12,7,0,South
False,False,True,False,True,None,13,None,6,294,12,0,0,12,8,0,North
False,False,True,False,True,None,13,None,4,293,12,0,0,12,9,0,North
False,False,True,False,True,None,10,None,4,292,12,0,0,12,10,0,North
False,False,True,False,True,None,12,None,4,291,12,0,0,12,11,0,North
False,False,True,False,True,None,14,None,2,290,12,0,0,12,12,0,North
False,False,True,False,True,None,8,None,4,289,12,0,0,12,13,0,North
False,False,True,False,True,None,8,None,3,288,11,0,0,11,13,0,West
False,False,True,False,True,None,8,None,2,287,10,0,0,10,13,0,West
False,False,True,False,True,None,11,None,4,286,9,0,0,9,13,0,West
False,False,True,False,True,None,4,None,5,285,9,0,0,9,14,0,North
False,False,True,False,True,None,10,None,6,284,10,0,0,10,14,0,East
False,False,True,False,True,None,6,None,2,283,10,0,0,10,13,0,South
False,False,True,False,True,None,6,None,2,282,10,0,0,10,12,0,South
False,False,True,False,True,None,10,None,0,281,10,0,0,10,11,0,South
False,False,True,False,True,None,9,None,5,280,10,0,0,10,10,0,South
False,False,True,False,True,None,8,None,3,279,9,0,0,9,10,0,West
False,False,True,False,True,None,9,None,5,278,8,0,0,8,10,0,West
False,False,True,False,True,None,6,None,4,277,8,0,0,8,11,0,North
False,False,True,False,True,None,6,None,5,276,8,0,0,8,12,0,North
False,False,True,False,True,None,7,None,4,275,9,0,0,9,12,0,East
False,False,True,False,True,None,8,None,4,274,10,0,0,10,12,0,East
False,False,True,False,True,None,11,None,0,273,11,0,0,11,12,0,East
False,False,True,False,False,None,9,None,None,472,12,0,0,12,12,0,East
False,False,True,False,False,None,10,None,None,471,12,0,0,12,11,0,South
False,False,True,False,False,None,8,None,None,470,12,0,0,12,12,0,North
False,False,True,False,False,None,4,None,None,469,12,0,0,12,13,0,North
False,False,True,False,False,None,7,None,None,468,12,0,0,12,14,0,North
False,False,True,False,False,None,3,None,None,467,11,0,0,11,14,0,West
False,False,True,False,False,None,4,None,None,466,10,0,0,10,14,0,West
False,False,True,False,False,None,4,None,None,465,10,0,0,10,13,0,South
False,False,True,False,False,None,4,None,None,464,10,0,0,10,12,0,South
False,False,True,False,False,None,3,None,None,463,10,0,0,10,11,0,South
False,False,True,False,False,None,7,None,None,462,10,0,0,10,10,0,South
False,False,True,False,False,None,4,None,None,461,9,0,0,9,10,0,West
False,False,True,False,False,None,5,None,None,460,8,0,0,8,10,0,West
False,False,True,False,False,None,5,None,None,459,8,0,0,8,9,0,South
False,False,True,False,False,None,8,None,None,458,8,0,0,8,8,0,South
False,False,True,False,False,None,7,None,None,457,8,0,0,8,9,0,North
False,False,True,False,False,None,0,None,None,456,8,0,0,8,10,0,North
False,False,True,False,False,None,2,None,None,455,8,0,0,8,11,0,North
False,False,True,False,False,None,2,None,None,454,7,0,0,7,11,0,West
False,False,True,False,False,None,2,None,None,453,6,0,0,6,11,0,West
False,False,True,False,False,None,9,None,None,452,5,0,0,5,11,0,West
False,False,True,False,False,None,2,None,None,451,6,0,0,6,11,0,East
False,False,True,False,False,None,1,None,None,450,7,0,0,7,11,0,East
False,False,True,False,False,None,1,None,None,449,8,0,0,8,11,0,East
False,True,True,True,True,11,8,9,3,0,12,0,0,12,10,0,Stop
False,True,True,True,True,18,11,8,5,-1,12,0,0,12,11,0,North
False,True,True,True,True,13,7,4,3,-2,11,0,0,11,11,0,West
False,True,True,True,True,9,7,7,7,-3,10,0,0,10,11,0,West
False,True,True,True,True,13,7,6,0,-4,11,0,0,11,11,0,East
False,True,True,True,True,12,8,6,3,-5,12,0,0,12,11,0,East
False,True,True,True,True,14,11,5,3,-6,11,0,0,11,11,0,West
False,True,True,True,True,10,11,3,4,-7,10,0,0,10,11,0,West
False,True,True,True,True,14,6,5,7,-8,9,0,0,9,11,0,West
False,True,True,True,True,13,8,5,4,-9,10,0,0,10,11,0,East
False,True,True,True,True,14,12,2,2,-10,11,0,0,11,11,0,East
False,True,True,True,True,14,10,3,5,-11,12,0,0,12,11,0,East
False,True,True,True,True,14,11,5,9,-12,11,0,0,11,11,0,West
